<?xml version="1.0" encoding="UTF-8"?>
<!-- Generated by org.testng.reporters.JUnitReportReporter -->
<testsuite skipped="0" hostname="ziweideMacBook-Pro.local" name="memberInfo" tests="1" failures="0" timestamp="22 八月 2018 10:43:14 GMT" time="1.390" errors="0">
  <testcase name="member" time="1.390" classname="memberInfo"/>
</testsuite> <!-- memberInfo -->
